Analysis & Synthesis report for LogicalStep_Lab4_top
Fri Mar 23 10:02:06 2018
Quartus Prime Version 15.1.0 Build 185 10/21/2015 SJ Standard Edition


---------------------
; Table of Contents ;
---------------------
  1. Legal Notice
  2. Analysis & Synthesis Summary
  3. Analysis & Synthesis Settings
  4. Parallel Compilation
  5. Analysis & Synthesis Source Files Read
  6. Analysis & Synthesis Resource Usage Summary
  7. Analysis & Synthesis Resource Utilization by Entity
  8. State Machine - |LogicalStep_Lab4_top|ErrorFlash:INST36|current_state
  9. State Machine - |LogicalStep_Lab4_top|ErrorFlash:INST35|current_state
 10. State Machine - |LogicalStep_Lab4_top|Moore_SM2:INST7|current_state
 11. State Machine - |LogicalStep_Lab4_top|Moore_SM:INST5|current_state
 12. State Machine - |LogicalStep_Lab4_top|Mealy_SM:MEALY0|current_stateY
 13. State Machine - |LogicalStep_Lab4_top|Mealy_SM:MEALY0|current_stateX
 14. User-Specified and Inferred Latches
 15. Registers Removed During Synthesis
 16. General Register Statistics
 17. Multiplexer Restructuring Statistics (Restructuring Performed)
 18. Port Connectivity Checks: "ErrorFlash:INST36"
 19. Port Connectivity Checks: "ErrorFlash:INST35"
 20. Port Connectivity Checks: "Compx4:INST2|Compx1:INST4"
 21. Port Connectivity Checks: "Compx4:INST2|Compx1:INST3"
 22. Port Connectivity Checks: "Compx4:INST2|Compx1:INST2"
 23. Port Connectivity Checks: "Compx4:INST2|Compx1:INST1"
 24. Post-Synthesis Netlist Statistics for Top Partition
 25. Elapsed Time Per Partition
 26. Analysis & Synthesis Messages



----------------
; Legal Notice ;
----------------
Copyright (C) 1991-2015 Altera Corporation. All rights reserved.
Your use of Altera Corporation's design tools, logic functions 
and other software and tools, and its AMPP partner logic 
functions, and any output files from any of the foregoing 
(including device programming or simulation files), and any 
associated documentation or information are expressly subject 
to the terms and conditions of the Altera Program License 
Subscription Agreement, the Altera Quartus Prime License Agreement,
the Altera MegaCore Function License Agreement, or other 
applicable license agreement, including, without limitation, 
that your use is for the sole purpose of programming logic 
devices manufactured by Altera and sold by Altera or its 
authorized distributors.  Please refer to the applicable 
agreement for further details.



+--------------------------------------------------------------------------------------+
; Analysis & Synthesis Summary                                                         ;
+------------------------------------+-------------------------------------------------+
; Analysis & Synthesis Status        ; Successful - Fri Mar 23 10:02:06 2018           ;
; Quartus Prime Version              ; 15.1.0 Build 185 10/21/2015 SJ Standard Edition ;
; Revision Name                      ; LogicalStep_Lab4_top                            ;
; Top-level Entity Name              ; LogicalStep_Lab4_top                            ;
; Family                             ; MAX 10                                          ;
; Total logic elements               ; 142                                             ;
;     Total combinational functions  ; 142                                             ;
;     Dedicated logic registers      ; 53                                              ;
; Total registers                    ; 53                                              ;
; Total pins                         ; 31                                              ;
; Total virtual pins                 ; 0                                               ;
; Total memory bits                  ; 0                                               ;
; Embedded Multiplier 9-bit elements ; 0                                               ;
; Total PLLs                         ; 0                                               ;
; UFM blocks                         ; 0                                               ;
; ADC blocks                         ; 0                                               ;
+------------------------------------+-------------------------------------------------+


+--------------------------------------------------------------------------------------------------------------------------+
; Analysis & Synthesis Settings                                                                                            ;
+----------------------------------------------------------------------------+----------------------+----------------------+
; Option                                                                     ; Setting              ; Default Value        ;
+----------------------------------------------------------------------------+----------------------+----------------------+
; Device                                                                     ; 10M08SAE144C8G       ;                      ;
; Top-level entity name                                                      ; LogicalStep_Lab4_top ; LogicalStep_Lab4_top ;
; Family name                                                                ; MAX 10               ; Cyclone V            ;
; Use smart compilation                                                      ; Off                  ; Off                  ;
; Enable parallel Assembler and TimeQuest Timing Analyzer during compilation ; On                   ; On                   ;
; Enable compact report table                                                ; Off                  ; Off                  ;
; Restructure Multiplexers                                                   ; Auto                 ; Auto                 ;
; Create Debugging Nodes for IP Cores                                        ; Off                  ; Off                  ;
; Preserve fewer node names                                                  ; On                   ; On                   ;
; Disable OpenCore Plus hardware evaluation                                  ; Off                  ; Off                  ;
; Verilog Version                                                            ; Verilog_2001         ; Verilog_2001         ;
; VHDL Version                                                               ; VHDL_1993            ; VHDL_1993            ;
; State Machine Processing                                                   ; Auto                 ; Auto                 ;
; Safe State Machine                                                         ; Off                  ; Off                  ;
; Extract Verilog State Machines                                             ; On                   ; On                   ;
; Extract VHDL State Machines                                                ; On                   ; On                   ;
; Ignore Verilog initial constructs                                          ; Off                  ; Off                  ;
; Iteration limit for constant Verilog loops                                 ; 5000                 ; 5000                 ;
; Iteration limit for non-constant Verilog loops                             ; 250                  ; 250                  ;
; Add Pass-Through Logic to Inferred RAMs                                    ; On                   ; On                   ;
; Infer RAMs from Raw Logic                                                  ; On                   ; On                   ;
; Parallel Synthesis                                                         ; On                   ; On                   ;
; DSP Block Balancing                                                        ; Auto                 ; Auto                 ;
; NOT Gate Push-Back                                                         ; On                   ; On                   ;
; Power-Up Don't Care                                                        ; On                   ; On                   ;
; Remove Redundant Logic Cells                                               ; Off                  ; Off                  ;
; Remove Duplicate Registers                                                 ; On                   ; On                   ;
; Ignore CARRY Buffers                                                       ; Off                  ; Off                  ;
; Ignore CASCADE Buffers                                                     ; Off                  ; Off                  ;
; Ignore GLOBAL Buffers                                                      ; Off                  ; Off                  ;
; Ignore ROW GLOBAL Buffers                                                  ; Off                  ; Off                  ;
; Ignore LCELL Buffers                                                       ; Off                  ; Off                  ;
; Ignore SOFT Buffers                                                        ; On                   ; On                   ;
; Limit AHDL Integers to 32 Bits                                             ; Off                  ; Off                  ;
; Optimization Technique                                                     ; Balanced             ; Balanced             ;
; Carry Chain Length                                                         ; 70                   ; 70                   ;
; Auto Carry Chains                                                          ; On                   ; On                   ;
; Auto Open-Drain Pins                                                       ; On                   ; On                   ;
; Perform WYSIWYG Primitive Resynthesis                                      ; Off                  ; Off                  ;
; Auto ROM Replacement                                                       ; On                   ; On                   ;
; Auto RAM Replacement                                                       ; On                   ; On                   ;
; Auto DSP Block Replacement                                                 ; On                   ; On                   ;
; Auto Shift Register Replacement                                            ; Auto                 ; Auto                 ;
; Allow Shift Register Merging across Hierarchies                            ; Auto                 ; Auto                 ;
; Auto Clock Enable Replacement                                              ; On                   ; On                   ;
; Strict RAM Replacement                                                     ; Off                  ; Off                  ;
; Allow Synchronous Control Signals                                          ; On                   ; On                   ;
; Force Use of Synchronous Clear Signals                                     ; Off                  ; Off                  ;
; Auto RAM Block Balancing                                                   ; On                   ; On                   ;
; Auto RAM to Logic Cell Conversion                                          ; Off                  ; Off                  ;
; Auto Resource Sharing                                                      ; Off                  ; Off                  ;
; Allow Any RAM Size For Recognition                                         ; Off                  ; Off                  ;
; Allow Any ROM Size For Recognition                                         ; Off                  ; Off                  ;
; Allow Any Shift Register Size For Recognition                              ; Off                  ; Off                  ;
; Use LogicLock Constraints during Resource Balancing                        ; On                   ; On                   ;
; Ignore translate_off and synthesis_off directives                          ; Off                  ; Off                  ;
; Timing-Driven Synthesis                                                    ; On                   ; On                   ;
; Report Parameter Settings                                                  ; On                   ; On                   ;
; Report Source Assignments                                                  ; On                   ; On                   ;
; Report Connectivity Checks                                                 ; On                   ; On                   ;
; Ignore Maximum Fan-Out Assignments                                         ; Off                  ; Off                  ;
; Synchronization Register Chain Length                                      ; 2                    ; 2                    ;
; PowerPlay Power Optimization During Synthesis                              ; Normal compilation   ; Normal compilation   ;
; HDL message level                                                          ; Level2               ; Level2               ;
; Suppress Register Optimization Related Messages                            ; Off                  ; Off                  ;
; Number of Removed Registers Reported in Synthesis Report                   ; 5000                 ; 5000                 ;
; Number of Swept Nodes Reported in Synthesis Report                         ; 5000                 ; 5000                 ;
; Number of Inverted Registers Reported in Synthesis Report                  ; 100                  ; 100                  ;
; Clock MUX Protection                                                       ; On                   ; On                   ;
; Auto Gated Clock Conversion                                                ; Off                  ; Off                  ;
; Block Design Naming                                                        ; Auto                 ; Auto                 ;
; SDC constraint protection                                                  ; Off                  ; Off                  ;
; Synthesis Effort                                                           ; Auto                 ; Auto                 ;
; Shift Register Replacement - Allow Asynchronous Clear Signal               ; On                   ; On                   ;
; Pre-Mapping Resynthesis Optimization                                       ; Off                  ; Off                  ;
; Analysis & Synthesis Message Level                                         ; Medium               ; Medium               ;
; Disable Register Merging Across Hierarchies                                ; Auto                 ; Auto                 ;
; Resource Aware Inference For Block RAM                                     ; On                   ; On                   ;
; Synthesis Seed                                                             ; 1                    ; 1                    ;
+----------------------------------------------------------------------------+----------------------+----------------------+


+------------------------------------------+
; Parallel Compilation                     ;
+----------------------------+-------------+
; Processors                 ; Number      ;
+----------------------------+-------------+
; Number detected on machine ; 4           ;
; Maximum allowed            ; 2           ;
;                            ;             ;
; Average used               ; 1.00        ;
; Maximum used               ; 2           ;
;                            ;             ;
; Usage by Processor         ; % Time Used ;
;     Processor 1            ; 100.0%      ;
;     Processor 2            ; < 0.1%      ;
+----------------------------+-------------+


+---------------------------------------------------------------------------------------------------------------------------+
; Analysis & Synthesis Source Files Read                                                                                    ;
+----------------------------------+-----------------+-----------------+------------------------------------------+---------+
; File Name with User-Entered Path ; Used in Netlist ; File Type       ; File Name with Absolute Path             ; Library ;
+----------------------------------+-----------------+-----------------+------------------------------------------+---------+
; LogicalStep_Lab4_top.vhd         ; yes             ; User VHDL File  ; N:/ECE124/Lab 4/LogicalStep_Lab4_top.vhd ;         ;
; segment7_mux.vhd                 ; yes             ; User VHDL File  ; N:/ECE124/Lab 4/segment7_mux.vhd         ;         ;
; SevenSegment.vhd                 ; yes             ; User VHDL File  ; N:/ECE124/Lab 4/SevenSegment.vhd         ;         ;
; compx4.vhd                       ; yes             ; User VHDL File  ; N:/ECE124/Lab 4/compx4.vhd               ;         ;
; compx1.vhd                       ; yes             ; User VHDL File  ; N:/ECE124/Lab 4/compx1.vhd               ;         ;
; Bidir_shift_reg.vhd              ; yes             ; User VHDL File  ; N:/ECE124/Lab 4/Bidir_shift_reg.vhd      ;         ;
; BIn_Counter4bit.vhd              ; yes             ; User VHDL File  ; N:/ECE124/Lab 4/BIn_Counter4bit.vhd      ;         ;
; Moore_SM.vhd                     ; yes             ; User VHDL File  ; N:/ECE124/Lab 4/Moore_SM.vhd             ;         ;
; Mealy_SM.vhd                     ; yes             ; User VHDL File  ; N:/ECE124/Lab 4/Mealy_SM.vhd             ;         ;
; Moore_SM2.vhd                    ; yes             ; User VHDL File  ; N:/ECE124/Lab 4/Moore_SM2.vhd            ;         ;
; ErrorFlash.vhd                   ; yes             ; User VHDL File  ; N:/ECE124/Lab 4/ErrorFlash.vhd           ;         ;
+----------------------------------+-----------------+-----------------+------------------------------------------+---------+


+---------------------------------------------------------------+
; Analysis & Synthesis Resource Usage Summary                   ;
+---------------------------------------------+-----------------+
; Resource                                    ; Usage           ;
+---------------------------------------------+-----------------+
; Estimated Total logic elements              ; 142             ;
;                                             ;                 ;
; Total combinational functions               ; 142             ;
; Logic element usage by number of LUT inputs ;                 ;
;     -- 4 input functions                    ; 60              ;
;     -- 3 input functions                    ; 42              ;
;     -- <=2 input functions                  ; 40              ;
;                                             ;                 ;
; Logic elements by mode                      ;                 ;
;     -- normal mode                          ; 114             ;
;     -- arithmetic mode                      ; 28              ;
;                                             ;                 ;
; Total registers                             ; 53              ;
;     -- Dedicated logic registers            ; 53              ;
;     -- I/O registers                        ; 0               ;
;                                             ;                 ;
; I/O pins                                    ; 31              ;
;                                             ;                 ;
; Embedded Multiplier 9-bit elements          ; 0               ;
;                                             ;                 ;
; Maximum fan-out node                        ; bin_counter[23] ;
; Maximum fan-out                             ; 30              ;
; Total fan-out                               ; 634             ;
; Average fan-out                             ; 2.47            ;
+---------------------------------------------+-----------------+


+-------------------------------------------------------------------------------------------------------------------------------------------------------------------------------------------------------------------------------+
; Analysis & Synthesis Resource Utilization by Entity                                                                                                                                                                           ;
+----------------------------+-------------------+--------------+-------------+------------+--------------+---------+-----------+------+--------------+------------+---------------------------------------------+--------------+
; Compilation Hierarchy Node ; LC Combinationals ; LC Registers ; Memory Bits ; UFM Blocks ; DSP Elements ; DSP 9x9 ; DSP 18x18 ; Pins ; Virtual Pins ; ADC blocks ; Full Hierarchy Name                         ; Library Name ;
+----------------------------+-------------------+--------------+-------------+------------+--------------+---------+-----------+------+--------------+------------+---------------------------------------------+--------------+
; |LogicalStep_Lab4_top      ; 142 (32)          ; 53 (24)      ; 0           ; 0          ; 0            ; 0       ; 0         ; 31   ; 0            ; 0          ; |LogicalStep_Lab4_top                       ; work         ;
;    |Bidir_shift_reg:INST6| ; 4 (4)             ; 4 (4)        ; 0           ; 0          ; 0            ; 0       ; 0         ; 0    ; 0            ; 0          ; |LogicalStep_Lab4_top|Bidir_shift_reg:INST6 ; work         ;
;    |Bin_Counter4bit:INST1| ; 6 (6)             ; 4 (4)        ; 0           ; 0          ; 0            ; 0       ; 0         ; 0    ; 0            ; 0          ; |LogicalStep_Lab4_top|Bin_Counter4bit:INST1 ; work         ;
;    |Bin_Counter4bit:INST3| ; 6 (6)             ; 4 (4)        ; 0           ; 0          ; 0            ; 0       ; 0         ; 0    ; 0            ; 0          ; |LogicalStep_Lab4_top|Bin_Counter4bit:INST3 ; work         ;
;    |Compx4:INST2|          ; 6 (6)             ; 0 (0)        ; 0           ; 0          ; 0            ; 0       ; 0         ; 0    ; 0            ; 0          ; |LogicalStep_Lab4_top|Compx4:INST2          ; work         ;
;    |Compx4:INST4|          ; 7 (7)             ; 0 (0)        ; 0           ; 0          ; 0            ; 0       ; 0         ; 0    ; 0            ; 0          ; |LogicalStep_Lab4_top|Compx4:INST4          ; work         ;
;    |ErrorFlash:INST35|     ; 1 (1)             ; 1 (1)        ; 0           ; 0          ; 0            ; 0       ; 0         ; 0    ; 0            ; 0          ; |LogicalStep_Lab4_top|ErrorFlash:INST35     ; work         ;
;    |Mealy_SM:MEALY0|       ; 36 (36)           ; 8 (8)        ; 0           ; 0          ; 0            ; 0       ; 0         ; 0    ; 0            ; 0          ; |LogicalStep_Lab4_top|Mealy_SM:MEALY0       ; work         ;
;    |Moore_SM2:INST7|       ; 2 (2)             ; 1 (1)        ; 0           ; 0          ; 0            ; 0       ; 0         ; 0    ; 0            ; 0          ; |LogicalStep_Lab4_top|Moore_SM2:INST7       ; work         ;
;    |Moore_SM:INST5|        ; 21 (21)           ; 7 (7)        ; 0           ; 0          ; 0            ; 0       ; 0         ; 0    ; 0            ; 0          ; |LogicalStep_Lab4_top|Moore_SM:INST5        ; work         ;
;    |SevenSegment:INST20|   ; 7 (7)             ; 0 (0)        ; 0           ; 0          ; 0            ; 0       ; 0         ; 0    ; 0            ; 0          ; |LogicalStep_Lab4_top|SevenSegment:INST20   ; work         ;
;    |SevenSegment:INST30|   ; 7 (7)             ; 0 (0)        ; 0           ; 0          ; 0            ; 0       ; 0         ; 0    ; 0            ; 0          ; |LogicalStep_Lab4_top|SevenSegment:INST30   ; work         ;
;    |segment7_mux:INST40|   ; 7 (7)             ; 0 (0)        ; 0           ; 0          ; 0            ; 0       ; 0         ; 0    ; 0            ; 0          ; |LogicalStep_Lab4_top|segment7_mux:INST40   ; work         ;
+----------------------------+-------------------+--------------+-------------+------------+--------------+---------+-----------+------+--------------+------------+---------------------------------------------+--------------+
Note: For table entries with two numbers listed, the numbers in parentheses indicate the number of resources of the given type used by the specific entity alone. The numbers listed outside of parentheses indicate the total resources of the given type used by the specific entity and all of its sub-entities in the hierarchy.


Encoding Type:  One-Hot
+--------------------------------------------------------------------------------------------------+
; State Machine - |LogicalStep_Lab4_top|ErrorFlash:INST36|current_state                            ;
+-------------------------+-------------------------+------------------------+---------------------+
; Name                    ; current_state.error_off ; current_state.error_on ; current_state.start ;
+-------------------------+-------------------------+------------------------+---------------------+
; current_state.start     ; 0                       ; 0                      ; 0                   ;
; current_state.error_on  ; 0                       ; 1                      ; 1                   ;
; current_state.error_off ; 1                       ; 0                      ; 1                   ;
+-------------------------+-------------------------+------------------------+---------------------+


Encoding Type:  One-Hot
+--------------------------------------------------------------------------------------------------+
; State Machine - |LogicalStep_Lab4_top|ErrorFlash:INST35|current_state                            ;
+-------------------------+-------------------------+------------------------+---------------------+
; Name                    ; current_state.error_off ; current_state.error_on ; current_state.start ;
+-------------------------+-------------------------+------------------------+---------------------+
; current_state.start     ; 0                       ; 0                      ; 0                   ;
; current_state.error_on  ; 0                       ; 1                      ; 1                   ;
; current_state.error_off ; 1                       ; 0                      ; 1                   ;
+-------------------------+-------------------------+------------------------+---------------------+


Encoding Type:  One-Hot
+--------------------------------------------------------------------------------------------------+
; State Machine - |LogicalStep_Lab4_top|Moore_SM2:INST7|current_state                              ;
+-------------------------+-------------------------+------------------------+---------------------+
; Name                    ; current_state.light_off ; current_state.light_on ; current_state.start ;
+-------------------------+-------------------------+------------------------+---------------------+
; current_state.start     ; 0                       ; 0                      ; 0                   ;
; current_state.light_on  ; 0                       ; 1                      ; 1                   ;
; current_state.light_off ; 1                       ; 0                      ; 1                   ;
+-------------------------+-------------------------+------------------------+---------------------+


Encoding Type:  One-Hot
+------------------------------------------------------------------------------------------------------------------------------------------------------------------------------------------------------------------+
; State Machine - |LogicalStep_Lab4_top|Moore_SM:INST5|current_state                                                                                                                                               ;
+------------------------------+--------------------+------------------------------+--------------------------+------------------------+---------------------------+-------------------------+---------------------+
; Name                         ; current_state.done ; current_state.retracted_hold ; current_state.retracting ; current_state.extended ; current_state.extend_hold ; current_state.extending ; current_state.start ;
+------------------------------+--------------------+------------------------------+--------------------------+------------------------+---------------------------+-------------------------+---------------------+
; current_state.start          ; 0                  ; 0                            ; 0                        ; 0                      ; 0                         ; 0                       ; 0                   ;
; current_state.extending      ; 0                  ; 0                            ; 0                        ; 0                      ; 0                         ; 1                       ; 1                   ;
; current_state.extend_hold    ; 0                  ; 0                            ; 0                        ; 0                      ; 1                         ; 0                       ; 1                   ;
; current_state.extended       ; 0                  ; 0                            ; 0                        ; 1                      ; 0                         ; 0                       ; 1                   ;
; current_state.retracting     ; 0                  ; 0                            ; 1                        ; 0                      ; 0                         ; 0                       ; 1                   ;
; current_state.retracted_hold ; 0                  ; 1                            ; 0                        ; 0                      ; 0                         ; 0                       ; 1                   ;
; current_state.done           ; 1                  ; 0                            ; 0                        ; 0                      ; 0                         ; 0                       ; 1                   ;
+------------------------------+--------------------+------------------------------+--------------------------+------------------------+---------------------------+-------------------------+---------------------+


Encoding Type:  One-Hot
+-----------------------------------------------------------------------------------------------------------------+
; State Machine - |LogicalStep_Lab4_top|Mealy_SM:MEALY0|current_stateY                                            ;
+-----------------------+-----------------------+----------------------+----------------------+-------------------+
; Name                  ; current_stateY.ERRORY ; current_stateY.YSTOP ; current_stateY.YMOVE ; current_stateY.Y0 ;
+-----------------------+-----------------------+----------------------+----------------------+-------------------+
; current_stateY.Y0     ; 0                     ; 0                    ; 0                    ; 0                 ;
; current_stateY.YMOVE  ; 0                     ; 0                    ; 1                    ; 1                 ;
; current_stateY.YSTOP  ; 0                     ; 1                    ; 0                    ; 1                 ;
; current_stateY.ERRORY ; 1                     ; 0                    ; 0                    ; 1                 ;
+-----------------------+-----------------------+----------------------+----------------------+-------------------+


Encoding Type:  One-Hot
+-----------------------------------------------------------------------------------------------------------------+
; State Machine - |LogicalStep_Lab4_top|Mealy_SM:MEALY0|current_stateX                                            ;
+-----------------------+-----------------------+----------------------+----------------------+-------------------+
; Name                  ; current_stateX.ERRORX ; current_stateX.XSTOP ; current_stateX.XMOVE ; current_stateX.X0 ;
+-----------------------+-----------------------+----------------------+----------------------+-------------------+
; current_stateX.X0     ; 0                     ; 0                    ; 0                    ; 0                 ;
; current_stateX.XMOVE  ; 0                     ; 0                    ; 1                    ; 1                 ;
; current_stateX.XSTOP  ; 0                     ; 1                    ; 0                    ; 1                 ;
; current_stateX.ERRORX ; 1                     ; 0                    ; 0                    ; 1                 ;
+-----------------------+-----------------------+----------------------+----------------------+-------------------+


+----------------------------------------------------------------------------------------------------------------------+
; User-Specified and Inferred Latches                                                                                  ;
+-----------------------------------------------------+---------------------------------------+------------------------+
; Latch Name                                          ; Latch Enable Signal                   ; Free of Timing Hazards ;
+-----------------------------------------------------+---------------------------------------+------------------------+
; Mealy_SM:MEALY0|ledX                                ; Mealy_SM:MEALY0|current_stateX.ERRORX ; yes                    ;
; Mealy_SM:MEALY0|ledY                                ; Mealy_SM:MEALY0|current_stateY.ERRORY ; yes                    ;
; Moore_SM2:INST7|led                                 ; GND                                   ; yes                    ;
; Mealy_SM:MEALY0|clk_enY                             ; Mealy_SM:MEALY0|current_stateY.YMOVE  ; yes                    ;
; Mealy_SM:MEALY0|Ycount                              ; Mealy_SM:MEALY0|Ycount                ; yes                    ;
; Mealy_SM:MEALY0|clk_enX                             ; Mealy_SM:MEALY0|current_stateX.XMOVE  ; yes                    ;
; Mealy_SM:MEALY0|Xcount                              ; Mealy_SM:MEALY0|Xcount                ; yes                    ;
; Moore_SM:INST5|next_state.start_209                 ; Moore_SM:INST5|Selector13             ; yes                    ;
; Moore_SM:INST5|next_state.done_149                  ; Moore_SM:INST5|Selector13             ; yes                    ;
; Moore_SM:INST5|next_state.extended_179              ; Moore_SM:INST5|Selector13             ; yes                    ;
; Moore_SM:INST5|next_state.extending_199             ; Moore_SM:INST5|Selector13             ; yes                    ;
; Moore_SM:INST5|next_state.retracting_169            ; Moore_SM:INST5|Selector13             ; yes                    ;
; Mealy_SM:MEALY0|EXTDX                               ; Mealy_SM:MEALY0|current_stateX.ERRORX ; yes                    ;
; Mealy_SM:MEALY0|EXTDY                               ; Mealy_SM:MEALY0|current_stateY.ERRORY ; yes                    ;
; Moore_SM:INST5|next_state.retracted_hold_159        ; Moore_SM:INST5|Selector13             ; yes                    ;
; Moore_SM:INST5|next_state.extend_hold_189           ; Moore_SM:INST5|Selector13             ; yes                    ;
; Number of user-specified and inferred latches = 16  ;                                       ;                        ;
+-----------------------------------------------------+---------------------------------------+------------------------+
Note: All latches listed above may not be present at the end of synthesis due to various synthesis optimizations.


+---------------------------------------------------------------------------------------------------+
; Registers Removed During Synthesis                                                                ;
+-------------------------------------------+-------------------------------------------------------+
; Register name                             ; Reason for Removal                                    ;
+-------------------------------------------+-------------------------------------------------------+
; segment7_mux:INST40|\clk_proc:COUNT[0]    ; Merged with bin_counter[0]                            ;
; segment7_mux:INST40|\clk_proc:COUNT[1]    ; Merged with bin_counter[1]                            ;
; segment7_mux:INST40|\clk_proc:COUNT[2]    ; Merged with bin_counter[2]                            ;
; segment7_mux:INST40|\clk_proc:COUNT[3]    ; Merged with bin_counter[3]                            ;
; segment7_mux:INST40|\clk_proc:COUNT[4]    ; Merged with bin_counter[4]                            ;
; segment7_mux:INST40|\clk_proc:COUNT[5]    ; Merged with bin_counter[5]                            ;
; segment7_mux:INST40|\clk_proc:COUNT[6]    ; Merged with bin_counter[6]                            ;
; segment7_mux:INST40|\clk_proc:COUNT[7]    ; Merged with bin_counter[7]                            ;
; segment7_mux:INST40|\clk_proc:COUNT[8]    ; Merged with bin_counter[8]                            ;
; segment7_mux:INST40|\clk_proc:COUNT[9]    ; Merged with bin_counter[9]                            ;
; segment7_mux:INST40|\clk_proc:COUNT[10]   ; Merged with bin_counter[10]                           ;
; ErrorFlash:INST36|current_state.start     ; Lost fanout                                           ;
; ErrorFlash:INST36|current_state.error_on  ; Lost fanout                                           ;
; ErrorFlash:INST35|current_state.start     ; Lost fanout                                           ;
; ErrorFlash:INST35|current_state.error_on  ; Lost fanout                                           ;
; Moore_SM2:INST7|current_state.start       ; Lost fanout                                           ;
; Moore_SM2:INST7|current_state.light_off   ; Lost fanout                                           ;
; ErrorFlash:INST36|current_state.error_off ; Merged with ErrorFlash:INST35|current_state.error_off ;
; bin_counter[24,25]                        ; Lost fanout                                           ;
; Total Number of Removed Registers = 20    ;                                                       ;
+-------------------------------------------+-------------------------------------------------------+


+------------------------------------------------------+
; General Register Statistics                          ;
+----------------------------------------------+-------+
; Statistic                                    ; Value ;
+----------------------------------------------+-------+
; Total registers                              ; 53    ;
; Number of registers using Synchronous Clear  ; 0     ;
; Number of registers using Synchronous Load   ; 0     ;
; Number of registers using Asynchronous Clear ; 29    ;
; Number of registers using Asynchronous Load  ; 0     ;
; Number of registers using Clock Enable       ; 10    ;
; Number of registers using Preset             ; 0     ;
+----------------------------------------------+-------+


+-----------------------------------------------------------------------------------------------------------------------------------------------------------------+
; Multiplexer Restructuring Statistics (Restructuring Performed)                                                                                                  ;
+--------------------+-----------+---------------+----------------------+------------------------+------------+---------------------------------------------------+
; Multiplexer Inputs ; Bus Width ; Baseline Area ; Area if Restructured ; Saving if Restructured ; Registered ; Example Multiplexer Output                        ;
+--------------------+-----------+---------------+----------------------+------------------------+------------+---------------------------------------------------+
; 4:1                ; 7 bits    ; 14 LEs        ; 14 LEs               ; 0 LEs                  ; No         ; |LogicalStep_Lab4_top|segment7_mux:INST40|DOUT[4] ;
+--------------------+-----------+---------------+----------------------+------------------------+------------+---------------------------------------------------+


+-----------------------------------------------+
; Port Connectivity Checks: "ErrorFlash:INST36" ;
+--------+-------+----------+-------------------+
; Port   ; Type  ; Severity ; Details           ;
+--------+-------+----------+-------------------+
; input1 ; Input ; Info     ; Stuck at GND      ;
+--------+-------+----------+-------------------+


+-----------------------------------------------+
; Port Connectivity Checks: "ErrorFlash:INST35" ;
+--------+-------+----------+-------------------+
; Port   ; Type  ; Severity ; Details           ;
+--------+-------+----------+-------------------+
; input1 ; Input ; Info     ; Stuck at GND      ;
+--------+-------+----------+-------------------+


+-------------------------------------------------------------------------------------------------------------------+
; Port Connectivity Checks: "Compx4:INST2|Compx1:INST4"                                                             ;
+---------+--------+----------+-------------------------------------------------------------------------------------+
; Port    ; Type   ; Severity ; Details                                                                             ;
+---------+--------+----------+-------------------------------------------------------------------------------------+
; greater ; Output ; Info     ; Connected to dangling logic. Logic that only feeds a dangling port will be removed. ;
+---------+--------+----------+-------------------------------------------------------------------------------------+


+-------------------------------------------------------------------------------------------------------------------+
; Port Connectivity Checks: "Compx4:INST2|Compx1:INST3"                                                             ;
+---------+--------+----------+-------------------------------------------------------------------------------------+
; Port    ; Type   ; Severity ; Details                                                                             ;
+---------+--------+----------+-------------------------------------------------------------------------------------+
; greater ; Output ; Info     ; Connected to dangling logic. Logic that only feeds a dangling port will be removed. ;
+---------+--------+----------+-------------------------------------------------------------------------------------+


+-------------------------------------------------------------------------------------------------------------------+
; Port Connectivity Checks: "Compx4:INST2|Compx1:INST2"                                                             ;
+---------+--------+----------+-------------------------------------------------------------------------------------+
; Port    ; Type   ; Severity ; Details                                                                             ;
+---------+--------+----------+-------------------------------------------------------------------------------------+
; greater ; Output ; Info     ; Connected to dangling logic. Logic that only feeds a dangling port will be removed. ;
+---------+--------+----------+-------------------------------------------------------------------------------------+


+-------------------------------------------------------------------------------------------------------------------+
; Port Connectivity Checks: "Compx4:INST2|Compx1:INST1"                                                             ;
+---------+--------+----------+-------------------------------------------------------------------------------------+
; Port    ; Type   ; Severity ; Details                                                                             ;
+---------+--------+----------+-------------------------------------------------------------------------------------+
; greater ; Output ; Info     ; Connected to dangling logic. Logic that only feeds a dangling port will be removed. ;
+---------+--------+----------+-------------------------------------------------------------------------------------+


+-----------------------------------------------------+
; Post-Synthesis Netlist Statistics for Top Partition ;
+-----------------------+-----------------------------+
; Type                  ; Count                       ;
+-----------------------+-----------------------------+
; boundary_port         ; 31                          ;
; cycloneiii_ff         ; 53                          ;
;     CLR               ; 19                          ;
;     ENA CLR           ; 10                          ;
;     plain             ; 24                          ;
; cycloneiii_io_obuf    ; 3                           ;
; cycloneiii_lcell_comb ; 148                         ;
;     arith             ; 28                          ;
;         2 data inputs ; 23                          ;
;         3 data inputs ; 5                           ;
;     normal            ; 120                         ;
;         0 data inputs ; 1                           ;
;         1 data inputs ; 8                           ;
;         2 data inputs ; 14                          ;
;         3 data inputs ; 37                          ;
;         4 data inputs ; 60                          ;
;                       ;                             ;
; Max LUT depth         ; 4.00                        ;
; Average LUT depth     ; 2.71                        ;
+-----------------------+-----------------------------+


+-------------------------------+
; Elapsed Time Per Partition    ;
+----------------+--------------+
; Partition Name ; Elapsed Time ;
+----------------+--------------+
; Top            ; 00:00:00     ;
+----------------+--------------+


+-------------------------------+
; Analysis & Synthesis Messages ;
+-------------------------------+
Info: *******************************************************************
Info: Running Quartus Prime Analysis & Synthesis
    Info: Version 15.1.0 Build 185 10/21/2015 SJ Standard Edition
    Info: Processing started: Fri Mar 23 10:01:51 2018
Info: Command: quartus_map --read_settings_files=on --write_settings_files=off LogicalStep_Lab4 -c LogicalStep_Lab4_top
Info (20030): Parallel compilation is enabled and will use 2 of the 2 processors detected
Info (12021): Found 2 design units, including 1 entities, in source file logicalstep_lab4_top.vhd
    Info (12022): Found design unit 1: LogicalStep_Lab4_top-SimpleCircuit File: N:/ECE124/Lab 4/LogicalStep_Lab4_top.vhd Line: 22
    Info (12023): Found entity 1: LogicalStep_Lab4_top File: N:/ECE124/Lab 4/LogicalStep_Lab4_top.vhd Line: 6
Info (12021): Found 2 design units, including 1 entities, in source file segment7_mux.vhd
    Info (12022): Found design unit 1: segment7_mux-syn File: N:/ECE124/Lab 4/segment7_mux.vhd Line: 67
    Info (12023): Found entity 1: segment7_mux File: N:/ECE124/Lab 4/segment7_mux.vhd Line: 52
Info (12021): Found 2 design units, including 1 entities, in source file sevensegment.vhd
    Info (12022): Found design unit 1: SevenSegment-Behavioral File: N:/ECE124/Lab 4/SevenSegment.vhd Line: 18
    Info (12023): Found entity 1: SevenSegment File: N:/ECE124/Lab 4/SevenSegment.vhd Line: 10
Info (12021): Found 2 design units, including 1 entities, in source file compx4.vhd
    Info (12022): Found design unit 1: Compx4-comp4 File: N:/ECE124/Lab 4/compx4.vhd Line: 32
    Info (12023): Found entity 1: Compx4 File: N:/ECE124/Lab 4/compx4.vhd Line: 10
Info (12021): Found 2 design units, including 1 entities, in source file compx1.vhd
    Info (12022): Found design unit 1: Compx1-comp File: N:/ECE124/Lab 4/compx1.vhd Line: 26
    Info (12023): Found entity 1: Compx1 File: N:/ECE124/Lab 4/compx1.vhd Line: 10
Info (12021): Found 2 design units, including 1 entities, in source file bidir_shift_reg.vhd
    Info (12022): Found design unit 1: Bidir_shift_reg-one File: N:/ECE124/Lab 4/Bidir_shift_reg.vhd Line: 15
    Info (12023): Found entity 1: Bidir_shift_reg File: N:/ECE124/Lab 4/Bidir_shift_reg.vhd Line: 5
Info (12021): Found 2 design units, including 1 entities, in source file bin_counter4bit.vhd
    Info (12022): Found design unit 1: Bin_Counter4bit-one File: N:/ECE124/Lab 4/BIn_Counter4bit.vhd Line: 15
    Info (12023): Found entity 1: Bin_Counter4bit File: N:/ECE124/Lab 4/BIn_Counter4bit.vhd Line: 5
Info (12021): Found 2 design units, including 1 entities, in source file moore_sm.vhd
    Info (12022): Found design unit 1: Moore_SM-SM File: N:/ECE124/Lab 4/Moore_SM.vhd Line: 17
    Info (12023): Found entity 1: Moore_SM File: N:/ECE124/Lab 4/Moore_SM.vhd Line: 8
Info (12021): Found 2 design units, including 1 entities, in source file mealy_sm.vhd
    Info (12022): Found design unit 1: Mealy_SM-SM File: N:/ECE124/Lab 4/Mealy_SM.vhd Line: 14
    Info (12023): Found entity 1: Mealy_SM File: N:/ECE124/Lab 4/Mealy_SM.vhd Line: 5
Warning (12019): Can't analyze file -- file Mealy_SMY.vhd is missing
Warning (12019): Can't analyze file -- file output_files/Mealy_SMX.vhd is missing
Warning (12019): Can't analyze file -- file output_files/Moore_SM2.vhd is missing
Info (12021): Found 2 design units, including 1 entities, in source file moore_sm2.vhd
    Info (12022): Found design unit 1: Moore_SM2-SM2 File: N:/ECE124/Lab 4/Moore_SM2.vhd Line: 13
    Info (12023): Found entity 1: Moore_SM2 File: N:/ECE124/Lab 4/Moore_SM2.vhd Line: 5
Info (12021): Found 2 design units, including 1 entities, in source file errorflash.vhd
    Info (12022): Found design unit 1: ErrorFlash-errorcode File: N:/ECE124/Lab 4/ErrorFlash.vhd Line: 29
    Info (12023): Found entity 1: ErrorFlash File: N:/ECE124/Lab 4/ErrorFlash.vhd Line: 5
Info (12127): Elaborating entity "LogicalStep_Lab4_top" for the top level hierarchy
Warning (10873): Using initial value X (don't care) for net "leds[2..1]" at LogicalStep_Lab4_top.vhd(13) File: N:/ECE124/Lab 4/LogicalStep_Lab4_top.vhd Line: 13
Info (12128): Elaborating entity "Mealy_SM" for hierarchy "Mealy_SM:MEALY0" File: N:/ECE124/Lab 4/LogicalStep_Lab4_top.vhd Line: 236
Warning (10631): VHDL Process Statement warning at Mealy_SM.vhd(56): inferring latch(es) for signal or variable "next_stateX", which holds its previous value in one or more paths through the process File: N:/ECE124/Lab 4/Mealy_SM.vhd Line: 56
Warning (10631): VHDL Process Statement warning at Mealy_SM.vhd(99): inferring latch(es) for signal or variable "EXTDX", which holds its previous value in one or more paths through the process File: N:/ECE124/Lab 4/Mealy_SM.vhd Line: 99
Warning (10631): VHDL Process Statement warning at Mealy_SM.vhd(99): inferring latch(es) for signal or variable "clk_enX", which holds its previous value in one or more paths through the process File: N:/ECE124/Lab 4/Mealy_SM.vhd Line: 99
Warning (10631): VHDL Process Statement warning at Mealy_SM.vhd(99): inferring latch(es) for signal or variable "Xcount", which holds its previous value in one or more paths through the process File: N:/ECE124/Lab 4/Mealy_SM.vhd Line: 99
Warning (10631): VHDL Process Statement warning at Mealy_SM.vhd(99): inferring latch(es) for signal or variable "ledX", which holds its previous value in one or more paths through the process File: N:/ECE124/Lab 4/Mealy_SM.vhd Line: 99
Warning (10631): VHDL Process Statement warning at Mealy_SM.vhd(132): inferring latch(es) for signal or variable "next_stateY", which holds its previous value in one or more paths through the process File: N:/ECE124/Lab 4/Mealy_SM.vhd Line: 132
Warning (10631): VHDL Process Statement warning at Mealy_SM.vhd(176): inferring latch(es) for signal or variable "EXTDY", which holds its previous value in one or more paths through the process File: N:/ECE124/Lab 4/Mealy_SM.vhd Line: 176
Warning (10631): VHDL Process Statement warning at Mealy_SM.vhd(176): inferring latch(es) for signal or variable "clk_enY", which holds its previous value in one or more paths through the process File: N:/ECE124/Lab 4/Mealy_SM.vhd Line: 176
Warning (10631): VHDL Process Statement warning at Mealy_SM.vhd(176): inferring latch(es) for signal or variable "Ycount", which holds its previous value in one or more paths through the process File: N:/ECE124/Lab 4/Mealy_SM.vhd Line: 176
Warning (10631): VHDL Process Statement warning at Mealy_SM.vhd(176): inferring latch(es) for signal or variable "ledY", which holds its previous value in one or more paths through the process File: N:/ECE124/Lab 4/Mealy_SM.vhd Line: 176
Info (10041): Inferred latch for "ledY" at Mealy_SM.vhd(176) File: N:/ECE124/Lab 4/Mealy_SM.vhd Line: 176
Info (10041): Inferred latch for "Ycount" at Mealy_SM.vhd(176) File: N:/ECE124/Lab 4/Mealy_SM.vhd Line: 176
Info (10041): Inferred latch for "clk_enY" at Mealy_SM.vhd(176) File: N:/ECE124/Lab 4/Mealy_SM.vhd Line: 176
Info (10041): Inferred latch for "EXTDY" at Mealy_SM.vhd(176) File: N:/ECE124/Lab 4/Mealy_SM.vhd Line: 176
Info (10041): Inferred latch for "next_stateY.ERRORY" at Mealy_SM.vhd(132) File: N:/ECE124/Lab 4/Mealy_SM.vhd Line: 132
Info (10041): Inferred latch for "next_stateY.YSTOP" at Mealy_SM.vhd(132) File: N:/ECE124/Lab 4/Mealy_SM.vhd Line: 132
Info (10041): Inferred latch for "next_stateY.YMOVE" at Mealy_SM.vhd(132) File: N:/ECE124/Lab 4/Mealy_SM.vhd Line: 132
Info (10041): Inferred latch for "next_stateY.Y0" at Mealy_SM.vhd(132) File: N:/ECE124/Lab 4/Mealy_SM.vhd Line: 132
Info (10041): Inferred latch for "ledX" at Mealy_SM.vhd(99) File: N:/ECE124/Lab 4/Mealy_SM.vhd Line: 99
Info (10041): Inferred latch for "Xcount" at Mealy_SM.vhd(99) File: N:/ECE124/Lab 4/Mealy_SM.vhd Line: 99
Info (10041): Inferred latch for "clk_enX" at Mealy_SM.vhd(99) File: N:/ECE124/Lab 4/Mealy_SM.vhd Line: 99
Info (10041): Inferred latch for "EXTDX" at Mealy_SM.vhd(99) File: N:/ECE124/Lab 4/Mealy_SM.vhd Line: 99
Info (10041): Inferred latch for "next_stateX.ERRORX" at Mealy_SM.vhd(56) File: N:/ECE124/Lab 4/Mealy_SM.vhd Line: 56
Info (10041): Inferred latch for "next_stateX.XSTOP" at Mealy_SM.vhd(56) File: N:/ECE124/Lab 4/Mealy_SM.vhd Line: 56
Info (10041): Inferred latch for "next_stateX.XMOVE" at Mealy_SM.vhd(56) File: N:/ECE124/Lab 4/Mealy_SM.vhd Line: 56
Info (10041): Inferred latch for "next_stateX.X0" at Mealy_SM.vhd(56) File: N:/ECE124/Lab 4/Mealy_SM.vhd Line: 56
Info (12128): Elaborating entity "Bin_Counter4bit" for hierarchy "Bin_Counter4bit:INST1" File: N:/ECE124/Lab 4/LogicalStep_Lab4_top.vhd Line: 240
Warning (10492): VHDL Process Statement warning at BIn_Counter4bit.vhd(35): signal "ud_bin_counter" is read inside the Process Statement but isn't in the Process Statement's sensitivity list File: N:/ECE124/Lab 4/BIn_Counter4bit.vhd Line: 35
Info (12128): Elaborating entity "Compx4" for hierarchy "Compx4:INST2" File: N:/ECE124/Lab 4/LogicalStep_Lab4_top.vhd Line: 241
Warning (10036): Verilog HDL or VHDL warning at compx4.vhd(48): object "A0GTB0" assigned a value but never read File: N:/ECE124/Lab 4/compx4.vhd Line: 48
Warning (10036): Verilog HDL or VHDL warning at compx4.vhd(52): object "A1GTB1" assigned a value but never read File: N:/ECE124/Lab 4/compx4.vhd Line: 52
Warning (10036): Verilog HDL or VHDL warning at compx4.vhd(56): object "A2GTB2" assigned a value but never read File: N:/ECE124/Lab 4/compx4.vhd Line: 56
Warning (10036): Verilog HDL or VHDL warning at compx4.vhd(60): object "A3GTB3" assigned a value but never read File: N:/ECE124/Lab 4/compx4.vhd Line: 60
Info (12128): Elaborating entity "Compx1" for hierarchy "Compx4:INST2|Compx1:INST1" File: N:/ECE124/Lab 4/compx4.vhd Line: 73
Info (12128): Elaborating entity "Moore_SM" for hierarchy "Moore_SM:INST5" File: N:/ECE124/Lab 4/LogicalStep_Lab4_top.vhd Line: 250
Warning (10631): VHDL Process Statement warning at Moore_SM.vhd(48): inferring latch(es) for signal or variable "next_state", which holds its previous value in one or more paths through the process File: N:/ECE124/Lab 4/Moore_SM.vhd Line: 48
Info (10041): Inferred latch for "next_state.done" at Moore_SM.vhd(48) File: N:/ECE124/Lab 4/Moore_SM.vhd Line: 48
Info (10041): Inferred latch for "next_state.retracted_hold" at Moore_SM.vhd(48) File: N:/ECE124/Lab 4/Moore_SM.vhd Line: 48
Info (10041): Inferred latch for "next_state.retracting" at Moore_SM.vhd(48) File: N:/ECE124/Lab 4/Moore_SM.vhd Line: 48
Info (10041): Inferred latch for "next_state.extended" at Moore_SM.vhd(48) File: N:/ECE124/Lab 4/Moore_SM.vhd Line: 48
Info (10041): Inferred latch for "next_state.extend_hold" at Moore_SM.vhd(48) File: N:/ECE124/Lab 4/Moore_SM.vhd Line: 48
Info (10041): Inferred latch for "next_state.extending" at Moore_SM.vhd(48) File: N:/ECE124/Lab 4/Moore_SM.vhd Line: 48
Info (10041): Inferred latch for "next_state.start" at Moore_SM.vhd(48) File: N:/ECE124/Lab 4/Moore_SM.vhd Line: 48
Info (12128): Elaborating entity "Bidir_shift_reg" for hierarchy "Bidir_shift_reg:INST6" File: N:/ECE124/Lab 4/LogicalStep_Lab4_top.vhd Line: 251
Warning (10492): VHDL Process Statement warning at Bidir_shift_reg.vhd(38): signal "sreg" is read inside the Process Statement but isn't in the Process Statement's sensitivity list File: N:/ECE124/Lab 4/Bidir_shift_reg.vhd Line: 38
Info (12128): Elaborating entity "Moore_SM2" for hierarchy "Moore_SM2:INST7" File: N:/ECE124/Lab 4/LogicalStep_Lab4_top.vhd Line: 255
Warning (10631): VHDL Process Statement warning at Moore_SM2.vhd(46): inferring latch(es) for signal or variable "next_state", which holds its previous value in one or more paths through the process File: N:/ECE124/Lab 4/Moore_SM2.vhd Line: 46
Warning (10492): VHDL Process Statement warning at Moore_SM2.vhd(82): signal "enable" is read inside the Process Statement but isn't in the Process Statement's sensitivity list File: N:/ECE124/Lab 4/Moore_SM2.vhd Line: 82
Warning (10492): VHDL Process Statement warning at Moore_SM2.vhd(82): signal "button" is read inside the Process Statement but isn't in the Process Statement's sensitivity list File: N:/ECE124/Lab 4/Moore_SM2.vhd Line: 82
Warning (10631): VHDL Process Statement warning at Moore_SM2.vhd(74): inferring latch(es) for signal or variable "led", which holds its previous value in one or more paths through the process File: N:/ECE124/Lab 4/Moore_SM2.vhd Line: 74
Info (10041): Inferred latch for "led" at Moore_SM2.vhd(74) File: N:/ECE124/Lab 4/Moore_SM2.vhd Line: 74
Info (10041): Inferred latch for "next_state.light_off" at Moore_SM2.vhd(46) File: N:/ECE124/Lab 4/Moore_SM2.vhd Line: 46
Info (10041): Inferred latch for "next_state.light_on" at Moore_SM2.vhd(46) File: N:/ECE124/Lab 4/Moore_SM2.vhd Line: 46
Info (10041): Inferred latch for "next_state.start" at Moore_SM2.vhd(46) File: N:/ECE124/Lab 4/Moore_SM2.vhd Line: 46
Info (12128): Elaborating entity "SevenSegment" for hierarchy "SevenSegment:INST20" File: N:/ECE124/Lab 4/LogicalStep_Lab4_top.vhd Line: 282
Info (12128): Elaborating entity "ErrorFlash" for hierarchy "ErrorFlash:INST35" File: N:/ECE124/Lab 4/LogicalStep_Lab4_top.vhd Line: 287
Info (12128): Elaborating entity "segment7_mux" for hierarchy "segment7_mux:INST40" File: N:/ECE124/Lab 4/LogicalStep_Lab4_top.vhd Line: 292
Warning (14026): LATCH primitive "Mealy_SM:MEALY0|next_stateY.Y0_309" is permanently enabled File: N:/ECE124/Lab 4/Mealy_SM.vhd Line: 132
Warning (14026): LATCH primitive "Mealy_SM:MEALY0|next_stateY.YMOVE_294" is permanently enabled File: N:/ECE124/Lab 4/Mealy_SM.vhd Line: 132
Warning (14026): LATCH primitive "Mealy_SM:MEALY0|next_stateY.YSTOP_279" is permanently enabled File: N:/ECE124/Lab 4/Mealy_SM.vhd Line: 132
Warning (14026): LATCH primitive "Mealy_SM:MEALY0|next_stateY.ERRORY_264" is permanently enabled File: N:/ECE124/Lab 4/Mealy_SM.vhd Line: 132
Warning (14026): LATCH primitive "Mealy_SM:MEALY0|next_stateX.X0_398" is permanently enabled File: N:/ECE124/Lab 4/Mealy_SM.vhd Line: 56
Warning (14026): LATCH primitive "Mealy_SM:MEALY0|next_stateX.XMOVE_383" is permanently enabled File: N:/ECE124/Lab 4/Mealy_SM.vhd Line: 56
Warning (14026): LATCH primitive "Mealy_SM:MEALY0|next_stateX.XSTOP_368" is permanently enabled File: N:/ECE124/Lab 4/Mealy_SM.vhd Line: 56
Warning (14026): LATCH primitive "Mealy_SM:MEALY0|next_stateX.ERRORX_353" is permanently enabled File: N:/ECE124/Lab 4/Mealy_SM.vhd Line: 56
Warning (14026): LATCH primitive "Moore_SM2:INST7|next_state.light_on_116" is permanently enabled File: N:/ECE124/Lab 4/Moore_SM2.vhd Line: 46
Warning (14026): LATCH primitive "Moore_SM2:INST7|next_state.light_off_99" is permanently enabled File: N:/ECE124/Lab 4/Moore_SM2.vhd Line: 46
Warning (13012): Latch Mealy_SM:MEALY0|Ycount has unsafe behavior File: N:/ECE124/Lab 4/Mealy_SM.vhd Line: 9
    Warning (13013): Ports D and ENA on the latch are fed by the same signal Compx4:INST4|eq File: N:/ECE124/Lab 4/compx4.vhd Line: 21
Warning (13012): Latch Mealy_SM:MEALY0|Xcount has unsafe behavior File: N:/ECE124/Lab 4/Mealy_SM.vhd Line: 9
    Warning (13013): Ports D and ENA on the latch are fed by the same signal Compx4:INST2|eq File: N:/ECE124/Lab 4/compx4.vhd Line: 21
Warning (13012): Latch Moore_SM:INST5|next_state.start_209 has unsafe behavior File: N:/ECE124/Lab 4/Moore_SM.vhd Line: 48
    Warning (13013): Ports D and ENA on the latch are fed by the same signal pb[1] File: N:/ECE124/Lab 4/LogicalStep_Lab4_top.vhd Line: 11
Warning (13012): Latch Moore_SM:INST5|next_state.done_149 has unsafe behavior File: N:/ECE124/Lab 4/Moore_SM.vhd Line: 48
    Warning (13013): Ports D and ENA on the latch are fed by the same signal pb[1] File: N:/ECE124/Lab 4/LogicalStep_Lab4_top.vhd Line: 11
Warning (13012): Latch Moore_SM:INST5|next_state.extended_179 has unsafe behavior File: N:/ECE124/Lab 4/Moore_SM.vhd Line: 48
    Warning (13013): Ports D and ENA on the latch are fed by the same signal pb[1] File: N:/ECE124/Lab 4/LogicalStep_Lab4_top.vhd Line: 11
Warning (13012): Latch Moore_SM:INST5|next_state.extending_199 has unsafe behavior File: N:/ECE124/Lab 4/Moore_SM.vhd Line: 48
    Warning (13013): Ports D and ENA on the latch are fed by the same signal pb[1] File: N:/ECE124/Lab 4/LogicalStep_Lab4_top.vhd Line: 11
Warning (13012): Latch Moore_SM:INST5|next_state.retracting_169 has unsafe behavior File: N:/ECE124/Lab 4/Moore_SM.vhd Line: 48
    Warning (13013): Ports D and ENA on the latch are fed by the same signal pb[1] File: N:/ECE124/Lab 4/LogicalStep_Lab4_top.vhd Line: 11
Warning (13012): Latch Moore_SM:INST5|next_state.retracted_hold_159 has unsafe behavior File: N:/ECE124/Lab 4/Moore_SM.vhd Line: 48
    Warning (13013): Ports D and ENA on the latch are fed by the same signal Moore_SM:INST5|current_state.retracting File: N:/ECE124/Lab 4/Moore_SM.vhd Line: 24
Warning (13012): Latch Moore_SM:INST5|next_state.extend_hold_189 has unsafe behavior File: N:/ECE124/Lab 4/Moore_SM.vhd Line: 48
    Warning (13013): Ports D and ENA on the latch are fed by the same signal Moore_SM:INST5|current_state.extending File: N:/ECE124/Lab 4/Moore_SM.vhd Line: 24
Warning (13024): Output pins are stuck at VCC or GND
    Warning (13410): Pin "leds[1]" is stuck at GND File: N:/ECE124/Lab 4/LogicalStep_Lab4_top.vhd Line: 13
    Warning (13410): Pin "leds[2]" is stuck at GND File: N:/ECE124/Lab 4/LogicalStep_Lab4_top.vhd Line: 13
Info (286030): Timing-Driven Synthesis is running
Info (17049): 8 registers lost all their fanouts during netlist optimizations.
Info (16010): Generating hard_block partition "hard_block:auto_generated_inst"
    Info (16011): Adding 0 node(s), including 0 DDIO, 0 PLL, 0 transceiver and 0 LCELL
Info (21057): Implemented 180 device resources after synthesis - the final resource count might be different
    Info (21058): Implemented 14 input pins
    Info (21059): Implemented 17 output pins
    Info (21061): Implemented 149 logic cells
Info: Quartus Prime Analysis & Synthesis was successful. 0 errors, 56 warnings
    Info: Peak virtual memory: 859 megabytes
    Info: Processing ended: Fri Mar 23 10:02:07 2018
    Info: Elapsed time: 00:00:16
    Info: Total CPU time (on all processors): 00:00:23


